<?xml version="1.0" encoding="UTF-8"?>
<!-- Generated by org.testng.reporters.JUnitReportReporter -->
<testsuite hostname="DTHTCPS5028" name="br.com.letsgoti.dao.AddressTest" tests="3" failures="0" timestamp="6 Jul 2016 19:58:40 GMT" time="0.287" errors="0">
  <testcase name="saveAddress" time="0.151" classname="br.com.letsgoti.dao.AddressTest"/>
  <testcase name="findById" time="0.078" classname="br.com.letsgoti.dao.AddressTest"/>
  <testcase name="findAllEmployees" time="0.058" classname="br.com.letsgoti.dao.AddressTest"/>
</testsuite> <!-- br.com.letsgoti.dao.AddressTest -->
