<?xml version="1.0" encoding="UTF-8"?>
<!-- Generated by org.testng.reporters.JUnitReportReporter -->
<testsuite hostname="DTHTCPS5028" name="hellotest" tests="1" failures="0" timestamp="6 Jul 2016 13:54:15 GMT" time="0.014" errors="0">
  <testcase name="testGetVatOnAmount" time="0.014" classname="hellotest"/>
</testsuite> <!-- hellotest -->
