<?xml version="1.0" encoding="UTF-8"?>
<!-- Generated by org.testng.reporters.JUnitReportReporter -->
<testsuite hostname="DTHTCPS5028" name="br.com.letsgoti.controllers.CustomerControllerTest" tests="1" failures="0" timestamp="7 Jul 2016 17:50:30 GMT" time="37.588" errors="0">
  <testcase name="listCustomers" time="37.588" classname="br.com.letsgoti.controllers.CustomerControllerTest"/>
</testsuite> <!-- br.com.letsgoti.controllers.CustomerControllerTest -->
