<?xml version="1.0" encoding="UTF-8"?>
<!-- Generated by org.testng.reporters.JUnitReportReporter -->
<testsuite hostname="DTHTCPS5028" name="br.com.letsgoti.dao.CustomerAddressTest" tests="3" failures="0" timestamp="8 Jul 2016 12:47:06 GMT" time="0.418" errors="0">
  <testcase name="findAllEmployees" time="0.239" classname="br.com.letsgoti.dao.CustomerAddressTest"/>
  <testcase name="findById" time="0.048" classname="br.com.letsgoti.dao.CustomerAddressTest"/>
  <testcase name="saveCustomer" time="0.131" classname="br.com.letsgoti.dao.CustomerAddressTest"/>
</testsuite> <!-- br.com.letsgoti.dao.CustomerAddressTest -->
