<?xml version="1.0" encoding="UTF-8"?>
<!-- Generated by org.testng.reporters.JUnitReportReporter -->
<testsuite hostname="DTHTCPS5028" name="br.com.letsgoti.dao.TestCustomer" tests="3" failures="0" timestamp="6 Jul 2016 14:52:22 GMT" time="0.320" errors="0">
  <testcase name="findById" time="0.024" classname="br.com.letsgoti.dao.TestCustomer"/>
  <testcase name="saveCustomer" time="0.225" classname="br.com.letsgoti.dao.TestCustomer"/>
  <testcase name="findAllEmployees" time="0.071" classname="br.com.letsgoti.dao.TestCustomer"/>
</testsuite> <!-- br.com.letsgoti.dao.TestCustomer -->
