<?xml version="1.0" encoding="UTF-8"?>
<!-- Generated by org.testng.reporters.JUnitReportReporter -->
<testsuite hostname="DTHTCPS5028" name="br.com.letsgoti.dao.CustomerTest" tests="3" failures="0" timestamp="8 Jul 2016 18:31:56 GMT" time="12.059" errors="0">
  <testcase name="saveCustomer" time="0.051" classname="br.com.letsgoti.dao.CustomerTest"/>
  <testcase name="findById" time="11.931" classname="br.com.letsgoti.dao.CustomerTest"/>
  <testcase name="findAllEmployees" time="0.077" classname="br.com.letsgoti.dao.CustomerTest"/>
</testsuite> <!-- br.com.letsgoti.dao.CustomerTest -->
