<?xml version="1.0" encoding="UTF-8"?>
<!-- Generated by org.testng.reporters.JUnitReportReporter -->
<testsuite hostname="DTHTCPS5028" name="br.com.letsgoti.services.CustomerServiceTest" tests="1" failures="0" timestamp="8 Jul 2016 15:02:13 GMT" time="0.004" errors="1">
  <testcase name="findById" time="0.004" classname="br.com.letsgoti.services.CustomerServiceTest">
    <error type="org.mockito.exceptions.base.MockitoException" message="
Cannot instantiate @InjectMocks field named &#039;customerService&#039;.
You haven&#039;t provided the instance at field declaration so I tried to construct the instance.
However, I failed because: the type &#039;CustomerService&#039; is an interface.
Examples of correct usage of @InjectMocks:
   @InjectMocks Service service = new Service();
   @InjectMocks Service service;
   //also, don&#039;t forget about MockitoAnnotations.initMocks();
   //and... don&#039;t forget about some @Mocks for injection :)
">
      <![CDATA[org.mockito.exceptions.base.MockitoException: 
Cannot instantiate @InjectMocks field named 'customerService'.
You haven't provided the instance at field declaration so I tried to construct the instance.
However, I failed because: the type 'CustomerService' is an interface.
Examples of correct usage of @InjectMocks:
   @InjectMocks Service service = new Service();
   @InjectMocks Service service;
   //also, don't forget about MockitoAnnotations.initMocks();
   //and... don't forget about some @Mocks for injection :)

	at br.com.letsgoti.services.CustomerServiceTest.setUp(CustomerServiceTest.java:41)
	at sun.reflect.NativeMethodAccessorImpl.invoke0(Native Method)
	at sun.reflect.NativeMethodAccessorImpl.invoke(NativeMethodAccessorImpl.java:62)
	at sun.reflect.DelegatingMethodAccessorImpl.invoke(DelegatingMethodAccessorImpl.java:43)
	at java.lang.reflect.Method.invoke(Method.java:497)
	at org.testng.internal.MethodInvocationHelper.invokeMethod(MethodInvocationHelper.java:85)
	at org.testng.internal.Invoker.invokeConfigurationMethod(Invoker.java:517)
	at org.testng.internal.Invoker.invokeConfigurations(Invoker.java:213)
	at org.testng.internal.Invoker.invokeConfigurations(Invoker.java:140)
	at org.testng.internal.TestMethodWorker.invokeBeforeClassMethods(TestMethodWorker.java:170)
	at org.testng.internal.TestMethodWorker.run(TestMethodWorker.java:104)
	at org.testng.TestRunner.privateRun(TestRunner.java:771)
	at org.testng.TestRunner.run(TestRunner.java:621)
	at org.testng.SuiteRunner.runTest(SuiteRunner.java:357)
	at org.testng.SuiteRunner.runSequentially(SuiteRunner.java:352)
	at org.testng.SuiteRunner.privateRun(SuiteRunner.java:310)
	at org.testng.SuiteRunner.run(SuiteRunner.java:259)
	at org.testng.SuiteRunnerWorker.runSuite(SuiteRunnerWorker.java:52)
	at org.testng.SuiteRunnerWorker.run(SuiteRunnerWorker.java:86)
	at org.testng.TestNG.runSuitesSequentially(TestNG.java:1199)
	at org.testng.TestNG.runSuitesLocally(TestNG.java:1124)
	at org.testng.TestNG.run(TestNG.java:1032)
	at org.testng.remote.AbstractRemoteTestNG.run(AbstractRemoteTestNG.java:126)
	at org.testng.remote.RemoteTestNG.initAndRun(RemoteTestNG.java:137)
	at org.testng.remote.RemoteTestNG.main(RemoteTestNG.java:58)
Caused by: org.mockito.exceptions.base.MockitoException: the type 'CustomerService' is an interface.
	... 25 more
]]>
    </error>
  </testcase> <!-- findById -->
</testsuite> <!-- br.com.letsgoti.services.CustomerServiceTest -->
